\BOOKMARK [1][-]{section.1}{Fisica della Materia e della Radiazione}{}% 1
\BOOKMARK [2][-]{subsection.1.1}{Motivazioni storiche rilevanti}{section.1}% 2
\BOOKMARK [2][-]{subsection.1.2}{Pacchetto d'onda}{section.1}% 3
\BOOKMARK [1][-]{section.2}{Richiamo sui solidi}{}% 4
\BOOKMARK [2][-]{subsection.2.1}{Reticolo di Bravais}{section.2}% 5
\BOOKMARK [1][-]{section.3}{Teoria elementare della diffrazione}{}% 6
\BOOKMARK [2][-]{subsection.3.1}{Reticolo Semplice}{section.3}% 7
\BOOKMARK [2][-]{subsection.3.2}{Un esempio pi\371 complesso: reticolo con base}{section.3}% 8
\BOOKMARK [2][-]{subsection.3.3}{Un Liquido}{section.3}% 9
\BOOKMARK [1][-]{section.4}{Elettroni nel potenziale periodico}{}% 10
\BOOKMARK [2][-]{subsection.4.1}{Giustificazione fisica del teorema di Bloch}{section.4}% 11
\BOOKMARK [2][-]{subsection.4.2}{Formazione delle bande}{section.4}% 12
\BOOKMARK [2][-]{subsection.4.3}{Soluzione elettrone libero in un potenziale periodico}{section.4}% 13
\BOOKMARK [2][-]{subsection.4.4}{Metodo delle onde piane}{section.4}% 14
\BOOKMARK [2][-]{subsection.4.5}{Legame Forte - Tight Binding}{section.4}% 15
\BOOKMARK [2][-]{subsection.4.6}{Alcune considerazioni di carattere generale}{section.4}% 16
\BOOKMARK [2][-]{subsection.4.7}{Propriet\340 vibrazionali dei solidi}{section.4}% 17
\BOOKMARK [2][-]{subsection.4.8}{Reticolo monodimensionale a due atomi}{section.4}% 18
\BOOKMARK [1][-]{section.5}{Degenerazione degli stati}{}% 19
\BOOKMARK [2][-]{subsection.5.1}{Degenerazione degli stati in una banda}{section.5}% 20
\BOOKMARK [2][-]{subsection.5.2}{Singolarit\340 di Van Hove e regola d'oro di Fermi}{section.5}% 21
\BOOKMARK [2][-]{subsection.5.3}{Esempi di elettrone vincolato}{section.5}% 22
\BOOKMARK [3][-]{subsubsection.5.3.1}{Quantum dot}{subsection.5.3}% 23
\BOOKMARK [3][-]{subsubsection.5.3.2}{Filo quantico}{subsection.5.3}% 24
\BOOKMARK [1][-]{section.6}{Dinamica degli elettroni in una banda}{}% 25
\BOOKMARK [2][-]{subsection.6.1}{Oscillazioni di Bloch}{section.6}% 26
\BOOKMARK [2][-]{subsection.6.2}{Comportamenti oscillatori nei metalli}{section.6}% 27
\BOOKMARK [2][-]{subsection.6.3}{Teoria semiclassica per elettroni di Bloch in campo magnetico uniforme}{section.6}% 28
\BOOKMARK [2][-]{subsection.6.4}{Livelli energetici di Landau}{section.6}% 29
\BOOKMARK [2][-]{subsection.6.5}{Tubi di Landau e oscillazioni di De Haas-Van Alphen}{section.6}% 30
\BOOKMARK [2][-]{subsection.6.6}{Misura della superficie di Fermi}{section.6}% 31
\BOOKMARK [1][-]{section.7}{Magnetismo nella Materia}{}% 32
\BOOKMARK [2][-]{subsection.7.1}{Teorema di Bohr - Van Leeuwen}{section.7}% 33
\BOOKMARK [2][-]{subsection.7.2}{Hamiltoniana di Interazione Magnetica}{section.7}% 34
\BOOKMARK [2][-]{subsection.7.3}{Materiali Isolanti - Legge di Curie}{section.7}% 35
\BOOKMARK [2][-]{subsection.7.4}{Elementi con J=0 e L = S =0}{section.7}% 36
\BOOKMARK [2][-]{subsection.7.5}{Elementi con J = L = S = 0}{section.7}% 37
\BOOKMARK [2][-]{subsection.7.6}{Riassunto sugli elementi di transizione}{section.7}% 38
\BOOKMARK [2][-]{subsection.7.7}{Gas di Elettroni Liberi - Paramagnetismo di Pauli}{section.7}% 39
\BOOKMARK [2][-]{subsection.7.8}{Gas di Elettroni Liberi - Diamagnetismo di Landau}{section.7}% 40
\BOOKMARK [2][-]{subsection.7.9}{Fenomeni di Ordinamento Magnetico - Ferromagnetico}{section.7}% 41
\BOOKMARK [2][-]{subsection.7.10}{Modello di Ordinamento Magnetico di Heisenberg}{section.7}% 42
\BOOKMARK [2][-]{subsection.7.11}{Teoria di Campo Medio del Ferromagnetismo}{section.7}% 43
\BOOKMARK [2][-]{subsection.7.12}{Transizioni di Fase - Ferromagnetismo}{section.7}% 44
\BOOKMARK [2][-]{subsection.7.13}{Onde di Spin}{section.7}% 45
\BOOKMARK [1][-]{section.8}{Superconduttivit\340}{}% 46
\BOOKMARK [2][-]{subsection.8.1}{Evidenze Fenomenologiche}{section.8}% 47
\BOOKMARK [3][-]{subsubsection.8.1.1}{Evidenza della superconduttivit\340 nel Mercurio raffreddato a 4.2K}{subsection.8.1}% 48
\BOOKMARK [3][-]{subsubsection.8.1.2}{Effetto Maissner-Ochsenfeld}{subsection.8.1}% 49
\BOOKMARK [3][-]{subsubsection.8.1.3}{Calore specifico}{subsection.8.1}% 50
\BOOKMARK [3][-]{subsubsection.8.1.4}{Principio isotopico}{subsection.8.1}% 51
\BOOKMARK [3][-]{subsubsection.8.1.5}{Esistenza di due tipi di superconduttori}{subsection.8.1}% 52
\BOOKMARK [3][-]{subsubsection.8.1.6}{Esistenza delle correnti persistenti - Intrappolamento di flusso di campo magnetico}{subsection.8.1}% 53
\BOOKMARK [2][-]{subsection.8.2}{Teoria Fenomenologica di London}{section.8}% 54
\BOOKMARK [3][-]{subsubsection.8.2.1}{Risultati della Teoria di London}{subsection.8.2}% 55
\BOOKMARK [3][-]{subsubsection.8.2.2}{Conclusioni sulla teoria di London}{subsection.8.2}% 56
\BOOKMARK [2][-]{subsection.8.3}{Le equazioni di Pippard}{section.8}% 57
\BOOKMARK [2][-]{subsection.8.4}{Teoria fenomenologica di Ginzburg-Landau}{section.8}% 58
\BOOKMARK [3][-]{subsubsection.8.4.1}{Espanzione dell'energia libera}{subsection.8.4}% 59
\BOOKMARK [2][-]{subsection.8.5}{Teoria BCS }{section.8}% 60
\BOOKMARK [3][-]{subsubsection.8.5.1}{Calcolo del gap di energia}{subsection.8.5}% 61
